Analysis & Elaboration report for pract_3_spi
Fri Feb 22 10:57:59 2019
Quartus Prime Version 17.0.0 Build 595 04/25/2017 SJ Lite Edition


---------------------
; Table of Contents ;
---------------------
  1. Legal Notice
  2. Analysis & Elaboration Summary
  3. Parallel Compilation
  4. Parameter Settings for User Entity Instance: accel_rw:accel_rw_inst1|spi_3_wire_master:spi_3_wire_master_inst1
  5. Analysis & Elaboration Settings
  6. Port Connectivity Checks: "accel_rw:accel_rw_inst1|spi_3_wire_master:spi_3_wire_master_inst1"
  7. Analysis & Elaboration Messages



----------------
; Legal Notice ;
----------------
Copyright (C) 2017  Intel Corporation. All rights reserved.
Your use of Intel Corporation's design tools, logic functions 
and other software and tools, and its AMPP partner logic 
functions, and any output files from any of the foregoing 
(including device programming or simulation files), and any 
associated documentation or information are expressly subject 
to the terms and conditions of the Intel Program License 
Subscription Agreement, the Intel Quartus Prime License Agreement,
the Intel MegaCore Function License Agreement, or other 
applicable license agreement, including, without limitation, 
that your use is for the sole purpose of programming logic 
devices manufactured by Intel and sold by Intel or its 
authorized distributors.  Please refer to the applicable 
agreement for further details.



+----------------------------------------------------------------------------------+
; Analysis & Elaboration Summary                                                   ;
+------------------------------------+---------------------------------------------+
; Analysis & Elaboration Status      ; Successful - Fri Feb 22 10:57:59 2019       ;
; Quartus Prime Version              ; 17.0.0 Build 595 04/25/2017 SJ Lite Edition ;
; Revision Name                      ; pract_3_spi                                 ;
; Top-level Entity Name              ; pract_3_spi                                 ;
; Family                             ; Cyclone IV E                                ;
; Total logic elements               ; N/A until Partition Merge                   ;
;     Total combinational functions  ; N/A until Partition Merge                   ;
;     Dedicated logic registers      ; N/A until Partition Merge                   ;
; Total registers                    ; N/A until Partition Merge                   ;
; Total pins                         ; N/A until Partition Merge                   ;
; Total virtual pins                 ; N/A until Partition Merge                   ;
; Total memory bits                  ; N/A until Partition Merge                   ;
; Embedded Multiplier 9-bit elements ; N/A until Partition Merge                   ;
; Total PLLs                         ; N/A until Partition Merge                   ;
+------------------------------------+---------------------------------------------+


+------------------------------------------+
; Parallel Compilation                     ;
+----------------------------+-------------+
; Processors                 ; Number      ;
+----------------------------+-------------+
; Number detected on machine ; 4           ;
; Maximum allowed            ; 2           ;
;                            ;             ;
; Average used               ; 1.00        ;
; Maximum used               ; 1           ;
;                            ;             ;
; Usage by Processor         ; % Time Used ;
;     Processor 1            ; 100.0%      ;
+----------------------------+-------------+


+----------------------------------------------------------------------------------------------------------------+
; Parameter Settings for User Entity Instance: accel_rw:accel_rw_inst1|spi_3_wire_master:spi_3_wire_master_inst1 ;
+----------------+-------+---------------------------------------------------------------------------------------+
; Parameter Name ; Value ; Type                                                                                  ;
+----------------+-------+---------------------------------------------------------------------------------------+
; slaves         ; 1     ; Signed Integer                                                                        ;
; cmd_width      ; 8     ; Signed Integer                                                                        ;
; d_width        ; 16    ; Signed Integer                                                                        ;
+----------------+-------+---------------------------------------------------------------------------------------+
Note: In order to hide this table in the UI and the text report file, please set the "Show Parameter Settings in Synthesis Report" option in "Analysis and Synthesis Settings -> More Settings" to "Off".


+----------------------------------------------------------------------------------------------------------------------+
; Analysis & Elaboration Settings                                                                                      ;
+----------------------------------------------------------------------------+--------------------+--------------------+
; Option                                                                     ; Setting            ; Default Value      ;
+----------------------------------------------------------------------------+--------------------+--------------------+
; Device                                                                     ; EP4CE22F17C6       ;                    ;
; Top-level entity name                                                      ; pract_3_spi        ; pract_3_spi        ;
; Family name                                                                ; Cyclone IV E       ; Cyclone V          ;
; Use smart compilation                                                      ; Off                ; Off                ;
; Enable parallel Assembler and TimeQuest Timing Analyzer during compilation ; On                 ; On                 ;
; Enable compact report table                                                ; Off                ; Off                ;
; Restructure Multiplexers                                                   ; Auto               ; Auto               ;
; Create Debugging Nodes for IP Cores                                        ; Off                ; Off                ;
; Preserve fewer node names                                                  ; On                 ; On                 ;
; OpenCore Plus hardware evaluation                                          ; Enable             ; Enable             ;
; Verilog Version                                                            ; Verilog_2001       ; Verilog_2001       ;
; VHDL Version                                                               ; VHDL_1993          ; VHDL_1993          ;
; State Machine Processing                                                   ; Auto               ; Auto               ;
; Safe State Machine                                                         ; Off                ; Off                ;
; Extract Verilog State Machines                                             ; On                 ; On                 ;
; Extract VHDL State Machines                                                ; On                 ; On                 ;
; Ignore Verilog initial constructs                                          ; Off                ; Off                ;
; Iteration limit for constant Verilog loops                                 ; 5000               ; 5000               ;
; Iteration limit for non-constant Verilog loops                             ; 250                ; 250                ;
; Add Pass-Through Logic to Inferred RAMs                                    ; On                 ; On                 ;
; Infer RAMs from Raw Logic                                                  ; On                 ; On                 ;
; Parallel Synthesis                                                         ; On                 ; On                 ;
; DSP Block Balancing                                                        ; Auto               ; Auto               ;
; NOT Gate Push-Back                                                         ; On                 ; On                 ;
; Power-Up Don't Care                                                        ; On                 ; On                 ;
; Remove Redundant Logic Cells                                               ; Off                ; Off                ;
; Remove Duplicate Registers                                                 ; On                 ; On                 ;
; Ignore CARRY Buffers                                                       ; Off                ; Off                ;
; Ignore CASCADE Buffers                                                     ; Off                ; Off                ;
; Ignore GLOBAL Buffers                                                      ; Off                ; Off                ;
; Ignore ROW GLOBAL Buffers                                                  ; Off                ; Off                ;
; Ignore LCELL Buffers                                                       ; Off                ; Off                ;
; Ignore SOFT Buffers                                                        ; On                 ; On                 ;
; Limit AHDL Integers to 32 Bits                                             ; Off                ; Off                ;
; Optimization Technique                                                     ; Balanced           ; Balanced           ;
; Carry Chain Length                                                         ; 70                 ; 70                 ;
; Auto Carry Chains                                                          ; On                 ; On                 ;
; Auto Open-Drain Pins                                                       ; On                 ; On                 ;
; Perform WYSIWYG Primitive Resynthesis                                      ; Off                ; Off                ;
; Auto ROM Replacement                                                       ; On                 ; On                 ;
; Auto RAM Replacement                                                       ; On                 ; On                 ;
; Auto DSP Block Replacement                                                 ; On                 ; On                 ;
; Auto Shift Register Replacement                                            ; Auto               ; Auto               ;
; Allow Shift Register Merging across Hierarchies                            ; Auto               ; Auto               ;
; Auto Clock Enable Replacement                                              ; On                 ; On                 ;
; Strict RAM Replacement                                                     ; Off                ; Off                ;
; Allow Synchronous Control Signals                                          ; On                 ; On                 ;
; Force Use of Synchronous Clear Signals                                     ; Off                ; Off                ;
; Auto RAM Block Balancing                                                   ; On                 ; On                 ;
; Auto RAM to Logic Cell Conversion                                          ; Off                ; Off                ;
; Auto Resource Sharing                                                      ; Off                ; Off                ;
; Allow Any RAM Size For Recognition                                         ; Off                ; Off                ;
; Allow Any ROM Size For Recognition                                         ; Off                ; Off                ;
; Allow Any Shift Register Size For Recognition                              ; Off                ; Off                ;
; Use LogicLock Constraints during Resource Balancing                        ; On                 ; On                 ;
; Ignore translate_off and synthesis_off directives                          ; Off                ; Off                ;
; Timing-Driven Synthesis                                                    ; On                 ; On                 ;
; Report Parameter Settings                                                  ; On                 ; On                 ;
; Report Source Assignments                                                  ; On                 ; On                 ;
; Report Connectivity Checks                                                 ; On                 ; On                 ;
; Ignore Maximum Fan-Out Assignments                                         ; Off                ; Off                ;
; Synchronization Register Chain Length                                      ; 2                  ; 2                  ;
; PowerPlay Power Optimization During Synthesis                              ; Normal compilation ; Normal compilation ;
; HDL message level                                                          ; Level2             ; Level2             ;
; Suppress Register Optimization Related Messages                            ; Off                ; Off                ;
; Number of Removed Registers Reported in Synthesis Report                   ; 5000               ; 5000               ;
; Number of Swept Nodes Reported in Synthesis Report                         ; 5000               ; 5000               ;
; Number of Inverted Registers Reported in Synthesis Report                  ; 100                ; 100                ;
; Clock MUX Protection                                                       ; On                 ; On                 ;
; Auto Gated Clock Conversion                                                ; Off                ; Off                ;
; Block Design Naming                                                        ; Auto               ; Auto               ;
; SDC constraint protection                                                  ; Off                ; Off                ;
; Synthesis Effort                                                           ; Auto               ; Auto               ;
; Shift Register Replacement - Allow Asynchronous Clear Signal               ; On                 ; On                 ;
; Pre-Mapping Resynthesis Optimization                                       ; Off                ; Off                ;
; Analysis & Synthesis Message Level                                         ; Medium             ; Medium             ;
; Disable Register Merging Across Hierarchies                                ; Auto               ; Auto               ;
; Resource Aware Inference For Block RAM                                     ; On                 ; On                 ;
+----------------------------------------------------------------------------+--------------------+--------------------+


+-----------------------------------------------------------------------------------------------+
; Port Connectivity Checks: "accel_rw:accel_rw_inst1|spi_3_wire_master:spi_3_wire_master_inst1" ;
+----------------+-------+----------+-----------------------------------------------------------+
; Port           ; Type  ; Severity ; Details                                                   ;
+----------------+-------+----------+-----------------------------------------------------------+
; cpol           ; Input ; Info     ; Stuck at VCC                                              ;
; cpha           ; Input ; Info     ; Stuck at VCC                                              ;
; clk_div[31..1] ; Input ; Info     ; Stuck at GND                                              ;
; clk_div[0]     ; Input ; Info     ; Stuck at VCC                                              ;
; addr[31..1]    ; Input ; Info     ; Stuck at GND                                              ;
; addr[0]        ; Input ; Info     ; Stuck at VCC                                              ;
+----------------+-------+----------+-----------------------------------------------------------+


+---------------------------------+
; Analysis & Elaboration Messages ;
+---------------------------------+
Info: *******************************************************************
Info: Running Quartus Prime Analysis & Elaboration
    Info: Version 17.0.0 Build 595 04/25/2017 SJ Lite Edition
    Info: Processing started: Fri Feb 22 10:57:41 2019
Info: Command: quartus_map --read_settings_files=on --write_settings_files=off pract_3_spi -c pract_3_spi --analysis_and_elaboration
Warning (18236): Number of processors has not been specified which may cause overloading on shared machines.  Set the global assignment NUM_PARALLEL_PROCESSORS in your QSF to an appropriate value for best performance.
Info (20030): Parallel compilation is enabled and will use 2 of the 2 processors detected
Info (12021): Found 2 design units, including 1 entities, in source file pract_3_spi.vhd
    Info (12022): Found design unit 1: pract_3_spi-pract_3_spi_arch File: /home/robotica/Documents/PM_pract_3/pract_3_spi/pract_3_spi.vhd Line: 22
    Info (12023): Found entity 1: pract_3_spi File: /home/robotica/Documents/PM_pract_3/pract_3_spi/pract_3_spi.vhd Line: 6
Info (12021): Found 2 design units, including 1 entities, in source file spi_3_wire_master.vhd
    Info (12022): Found design unit 1: spi_3_wire_master-logic File: /home/robotica/Documents/PM_pract_3/pract_3_spi/spi_3_wire_master.vhd Line: 51
    Info (12023): Found entity 1: spi_3_wire_master File: /home/robotica/Documents/PM_pract_3/pract_3_spi/spi_3_wire_master.vhd Line: 28
Info (12021): Found 2 design units, including 1 entities, in source file init_accel.vhd
    Info (12022): Found design unit 1: init_accel-init_accel_arch File: /home/robotica/Documents/PM_pract_3/pract_3_spi/init_accel.vhd Line: 18
    Info (12023): Found entity 1: init_accel File: /home/robotica/Documents/PM_pract_3/pract_3_spi/init_accel.vhd Line: 6
Info (12021): Found 2 design units, including 1 entities, in source file accel_rw.vhd
    Info (12022): Found design unit 1: accel_rw-accel_rw_arch File: /home/robotica/Documents/PM_pract_3/pract_3_spi/accel_rw.vhd Line: 24
    Info (12023): Found entity 1: accel_rw File: /home/robotica/Documents/PM_pract_3/pract_3_spi/accel_rw.vhd Line: 6
Info (12127): Elaborating entity "pract_3_spi" for the top level hierarchy
Info (12128): Elaborating entity "init_accel" for hierarchy "init_accel:init_accel_inst1" File: /home/robotica/Documents/PM_pract_3/pract_3_spi/pract_3_spi.vhd Line: 82
Warning (10540): VHDL Signal Declaration warning at init_accel.vhd(30): used explicit default value for signal "THRESH_TAP" because signal was never assigned a value File: /home/robotica/Documents/PM_pract_3/pract_3_spi/init_accel.vhd Line: 30
Warning (10540): VHDL Signal Declaration warning at init_accel.vhd(31): used explicit default value for signal "DUR" because signal was never assigned a value File: /home/robotica/Documents/PM_pract_3/pract_3_spi/init_accel.vhd Line: 31
Warning (10540): VHDL Signal Declaration warning at init_accel.vhd(32): used explicit default value for signal "LATENT" because signal was never assigned a value File: /home/robotica/Documents/PM_pract_3/pract_3_spi/init_accel.vhd Line: 32
Warning (10540): VHDL Signal Declaration warning at init_accel.vhd(33): used explicit default value for signal "WINDOW" because signal was never assigned a value File: /home/robotica/Documents/PM_pract_3/pract_3_spi/init_accel.vhd Line: 33
Warning (10540): VHDL Signal Declaration warning at init_accel.vhd(34): used explicit default value for signal "THRESH_ACT" because signal was never assigned a value File: /home/robotica/Documents/PM_pract_3/pract_3_spi/init_accel.vhd Line: 34
Warning (10540): VHDL Signal Declaration warning at init_accel.vhd(35): used explicit default value for signal "THRESH_INACT" because signal was never assigned a value File: /home/robotica/Documents/PM_pract_3/pract_3_spi/init_accel.vhd Line: 35
Warning (10540): VHDL Signal Declaration warning at init_accel.vhd(36): used explicit default value for signal "TIME_INACT" because signal was never assigned a value File: /home/robotica/Documents/PM_pract_3/pract_3_spi/init_accel.vhd Line: 36
Warning (10540): VHDL Signal Declaration warning at init_accel.vhd(37): used explicit default value for signal "ACT_INACT_CTL" because signal was never assigned a value File: /home/robotica/Documents/PM_pract_3/pract_3_spi/init_accel.vhd Line: 37
Warning (10540): VHDL Signal Declaration warning at init_accel.vhd(38): used explicit default value for signal "THRESH_FF" because signal was never assigned a value File: /home/robotica/Documents/PM_pract_3/pract_3_spi/init_accel.vhd Line: 38
Warning (10540): VHDL Signal Declaration warning at init_accel.vhd(39): used explicit default value for signal "TIME_FF" because signal was never assigned a value File: /home/robotica/Documents/PM_pract_3/pract_3_spi/init_accel.vhd Line: 39
Warning (10540): VHDL Signal Declaration warning at init_accel.vhd(40): used explicit default value for signal "TAP_AXES" because signal was never assigned a value File: /home/robotica/Documents/PM_pract_3/pract_3_spi/init_accel.vhd Line: 40
Warning (10540): VHDL Signal Declaration warning at init_accel.vhd(41): used explicit default value for signal "BW_RATE" because signal was never assigned a value File: /home/robotica/Documents/PM_pract_3/pract_3_spi/init_accel.vhd Line: 41
Warning (10540): VHDL Signal Declaration warning at init_accel.vhd(42): used explicit default value for signal "POWER_CONTROL" because signal was never assigned a value File: /home/robotica/Documents/PM_pract_3/pract_3_spi/init_accel.vhd Line: 42
Warning (10540): VHDL Signal Declaration warning at init_accel.vhd(43): used explicit default value for signal "INT_ENABLE" because signal was never assigned a value File: /home/robotica/Documents/PM_pract_3/pract_3_spi/init_accel.vhd Line: 43
Warning (10540): VHDL Signal Declaration warning at init_accel.vhd(44): used explicit default value for signal "INT_MAP" because signal was never assigned a value File: /home/robotica/Documents/PM_pract_3/pract_3_spi/init_accel.vhd Line: 44
Warning (10540): VHDL Signal Declaration warning at init_accel.vhd(47): used explicit default value for signal "done_init" because signal was never assigned a value File: /home/robotica/Documents/PM_pract_3/pract_3_spi/init_accel.vhd Line: 47
Warning (10492): VHDL Process Statement warning at init_accel.vhd(57): signal "reset_n" is read inside the Process Statement but isn't in the Process Statement's sensitivity list File: /home/robotica/Documents/PM_pract_3/pract_3_spi/init_accel.vhd Line: 57
Info (12128): Elaborating entity "accel_rw" for hierarchy "accel_rw:accel_rw_inst1" File: /home/robotica/Documents/PM_pract_3/pract_3_spi/pract_3_spi.vhd Line: 93
Warning (10036): Verilog HDL or VHDL warning at accel_rw.vhd(66): object "tx_data_buffer" assigned a value but never read File: /home/robotica/Documents/PM_pract_3/pract_3_spi/accel_rw.vhd Line: 66
Info (12128): Elaborating entity "spi_3_wire_master" for hierarchy "accel_rw:accel_rw_inst1|spi_3_wire_master:spi_3_wire_master_inst1" File: /home/robotica/Documents/PM_pract_3/pract_3_spi/accel_rw.vhd Line: 81
Info: Quartus Prime Analysis & Elaboration was successful. 0 errors, 19 warnings
    Info: Peak virtual memory: 1268 megabytes
    Info: Processing ended: Fri Feb 22 10:57:59 2019
    Info: Elapsed time: 00:00:18
    Info: Total CPU time (on all processors): 00:00:41


